2026/03/21 03:28:45 ServerTCP.go:169: =========== START PROGRAM  ===========
2026/03/21 03:28:45 ServerTCP.go:185: Selected address for listening: 0.0.0.0:5001
2026/03/21 03:28:45 ServerTCP.go:31: =========== END PROGRAM (SIGINT) ===========
2026/03/21 03:29:41 ServerTCP.go:169: =========== START PROGRAM  ===========
2026/03/21 03:29:41 ServerTCP.go:185: Selected address for listening: 0.0.0.0:5001
2026/03/21 03:29:41 ServerTCP.go:194: The server works at the host: 192.168.0.107
2026/03/21 03:29:41 ServerTCP.go:205: Server is listening: 0.0.0.0:5001
2026/03/21 03:29:42 ServerTCP.go:225: Connect with the client at the address: 192.168.0.107:5001
2026/03/21 03:29:46 ServerTCP.go:122: Get data: 0X24 0X01 0X56 0X40 0X02 0X00 0X00 0X18 0X00 0X10 0X40 0X00 0X38 0X39 0X33 0X37 0X35 0X30 0X32 0X37 0X36 0X30 0X30 0X30 0X30 0X30 0X30 0X35 0X31 0X36 0X38 0X36 0X41 0X5E
2026/03/21 03:29:46 ParsePackageMIRTEK.go:232: M2M-packet data parsed:
	Gateway: 1564002
	Number of bytes allocate to data: 24
	Request package (type: 0)
	Data: 0x00 0x10 0x40 0x00 0x38 0x39 0x33 0x37 0x35 0x30 0x32 0x37 0x36 0x30 0x30 0x30 0x30 0x30 0x30 0x35 0x31 0x36 0x38 0x36
	The received data is not corrupted (M2M)
2026/03/21 03:29:46 ParsePackageMIRTEK.go:331: MT-packet (request) data parsed:
	Type (water): 16
	Status: 64
	PingInt: 0
	ICCID: 893750276000000516
	RSSI: 54
2026/03/21 03:29:52 ServerTCP.go:122: Get data: 0X24 0X01 0X56 0X40 0X02 0X01 0X00 0X30 0X73 0X55 0X1F 0X00 0XFF 0XFF 0X00 0XFF 0X07 0X0A 0X01 0X10 0X00 0X01 0X44 0X35 0X38 0X30 0X31 0X35 0X36 0X34 0X30 0X30 0X32 0X43 0X30 0X30 0X30 0X30 0X30 0X2E 0X30 0X33 0X34 0X56 0X33 0X2E 0X36 0X30 0X52 0X31 0X36 0X31 0XFE 0X55 0X32 0X43 0X0E 0XE0
2026/03/21 03:29:52 ParsePackageMIRTEK.go:232: M2M-packet data parsed:
	Gateway: 1564002
	Number of bytes allocate to data: 48
	Data package (type: 1)
	Data: 0x73 0x55 0x1f 0x00 0xff 0xff 0x00 0xff 0x07 0x0a 0x01 0x10 0x00 0x01 0x44 0x35 0x38 0x30 0x31 0x35 0x36 0x34 0x30 0x30 0x32 0x43 0x30 0x30 0x30 0x30 0x30 0x2e 0x30 0x33 0x34 0x56 0x33 0x2e 0x36 0x30 0x52 0x31 0x36 0x31 0xfe 0x55 0x32 0x43
	The received data is not corrupted (M2M)
2026/03/21 03:29:52 ParsePackageMIRTEK.go:373: Byte Stuffing is not needed
2026/03/21 03:29:52 ParsePackageMIRTEK.go:430: MT-packet (data, part: "info") data parsed:
	Destination: 65535
	Source: 255
	Command: 7
	Status: [a 1 10 0]
2026/03/21 03:29:59 ServerTCP.go:110: The client has close connect: EOF
2026/03/21 03:30:02 ServerTCP.go:31: =========== END PROGRAM (SIGINT) ===========
